<?xml version="1.0" encoding="UTF-8"?>
<!-- Generated by org.testng.reporters.JUnitXMLReporter -->
<testsuite ignored="0" hostname="LAPTOP-BD7BPLL2" failures="0" tests="5" name="Test2" time="28.703" errors="0" timestamp="2022-03-10T16:41:06 IST">
  <testcase classname="Omnitracs.SeleniumEasyDemo.InputFormDemoTest" name="checkBoxDemo" time="2.621"/>
  <testcase classname="Omnitracs.SeleniumEasyDemo.InputFormDemoTest" name="dropDownDemo" time="1.226"/>
  <testcase classname="Omnitracs.SeleniumEasyDemo.InputFormDemoTest" name="inputFormDemo" time="3.542"/>
  <testcase classname="Omnitracs.SeleniumEasyDemo.InputFormDemoTest" name="radioButtonDemo" time="1.072"/>
  <testcase classname="Omnitracs.SeleniumEasyDemo.InputFormDemoTest" name="sampleInputFormDemo" time="2.447"/>
</testsuite> <!-- Test2 -->
