<?xml version="1.0" encoding="UTF-8"?>
<testng-results ignored="0" total="7" passed="7" failed="0" skipped="0">
  <reporter-output>
  </reporter-output>
  <suite started-at="2022-03-10T16:40:15 IST" name="Suite" finished-at="2022-03-10T16:41:27 IST" duration-ms="71581">
    <groups>
    </groups>
    <test started-at="2022-03-10T16:40:15 IST" name="Test1" finished-at="2022-03-10T16:40:38 IST" duration-ms="22388">
      <class name="Omnitracs.SeleniumEasyDemo.DatePickerDemoTest">
        <test-method is-config="true" signature="config()[pri:0, instance:Omnitracs.SeleniumEasyDemo.DatePickerDemoTest@29215f06]" started-at="2022-03-10T16:40:15 IST" name="config" finished-at="2022-03-10T16:40:16 IST" duration-ms="246" status="PASS">
          <reporter-output>
          </reporter-output>
        </test-method> <!-- config -->
        <test-method is-config="true" signature="initialSteps()[pri:0, instance:Omnitracs.SeleniumEasyDemo.DatePickerDemoTest@29215f06]" started-at="2022-03-10T16:40:16 IST" name="initialSteps" finished-at="2022-03-10T16:40:32 IST" duration-ms="16070" status="PASS">
          <reporter-output>
          </reporter-output>
        </test-method> <!-- initialSteps -->
        <test-method is-config="true" signature="testDataFile()[pri:0, instance:Omnitracs.SeleniumEasyDemo.DatePickerDemoTest@29215f06]" started-at="2022-03-10T16:40:32 IST" name="testDataFile" finished-at="2022-03-10T16:40:32 IST" duration-ms="1" status="PASS">
          <reporter-output>
          </reporter-output>
        </test-method> <!-- testDataFile -->
        <test-method signature="BootstrapDatePicker()[pri:0, instance:Omnitracs.SeleniumEasyDemo.DatePickerDemoTest@29215f06]" started-at="2022-03-10T16:40:32 IST" name="BootstrapDatePicker" finished-at="2022-03-10T16:40:37 IST" duration-ms="5537" status="PASS">
          <reporter-output>
          </reporter-output>
        </test-method> <!-- BootstrapDatePicker -->
        <test-method is-config="true" signature="closeAllBrowsers()[pri:0, instance:Omnitracs.SeleniumEasyDemo.DatePickerDemoTest@29215f06]" started-at="2022-03-10T16:40:37 IST" name="closeAllBrowsers" finished-at="2022-03-10T16:40:38 IST" duration-ms="483" status="PASS">
          <reporter-output>
          </reporter-output>
        </test-method> <!-- closeAllBrowsers -->
      </class> <!-- Omnitracs.SeleniumEasyDemo.DatePickerDemoTest -->
    </test> <!-- Test1 -->
    <test started-at="2022-03-10T16:40:38 IST" name="Test2" finished-at="2022-03-10T16:41:06 IST" duration-ms="28703">
      <class name="Omnitracs.SeleniumEasyDemo.InputFormDemoTest">
        <test-method is-config="true" signature="config()[pri:0, instance:Omnitracs.SeleniumEasyDemo.InputFormDemoTest@1a942c18]" started-at="2022-03-10T16:40:38 IST" name="config" finished-at="2022-03-10T16:40:38 IST" duration-ms="1" status="PASS">
          <reporter-output>
          </reporter-output>
        </test-method> <!-- config -->
        <test-method is-config="true" signature="initialSteps()[pri:0, instance:Omnitracs.SeleniumEasyDemo.InputFormDemoTest@1a942c18]" started-at="2022-03-10T16:40:38 IST" name="initialSteps" finished-at="2022-03-10T16:40:51 IST" duration-ms="13412" status="PASS">
          <reporter-output>
          </reporter-output>
        </test-method> <!-- initialSteps -->
        <test-method is-config="true" signature="testDataFile()[pri:0, instance:Omnitracs.SeleniumEasyDemo.InputFormDemoTest@1a942c18]" started-at="2022-03-10T16:40:51 IST" name="testDataFile" finished-at="2022-03-10T16:40:51 IST" duration-ms="0" status="PASS">
          <reporter-output>
          </reporter-output>
        </test-method> <!-- testDataFile -->
        <test-method signature="checkBoxDemo()[pri:0, instance:Omnitracs.SeleniumEasyDemo.InputFormDemoTest@1a942c18]" started-at="2022-03-10T16:40:51 IST" name="checkBoxDemo" finished-at="2022-03-10T16:40:54 IST" duration-ms="2621" status="PASS">
          <reporter-output>
          </reporter-output>
        </test-method> <!-- checkBoxDemo -->
        <test-method signature="dropDownDemo()[pri:0, instance:Omnitracs.SeleniumEasyDemo.InputFormDemoTest@1a942c18]" started-at="2022-03-10T16:40:54 IST" name="dropDownDemo" finished-at="2022-03-10T16:40:55 IST" duration-ms="1226" status="PASS">
          <reporter-output>
          </reporter-output>
        </test-method> <!-- dropDownDemo -->
        <test-method signature="inputFormDemo()[pri:0, instance:Omnitracs.SeleniumEasyDemo.InputFormDemoTest@1a942c18]" started-at="2022-03-10T16:40:55 IST" name="inputFormDemo" finished-at="2022-03-10T16:40:59 IST" duration-ms="3542" status="PASS">
          <reporter-output>
          </reporter-output>
        </test-method> <!-- inputFormDemo -->
        <test-method signature="radioButtonDemo()[pri:0, instance:Omnitracs.SeleniumEasyDemo.InputFormDemoTest@1a942c18]" started-at="2022-03-10T16:40:59 IST" name="radioButtonDemo" finished-at="2022-03-10T16:41:00 IST" duration-ms="1072" status="PASS">
          <reporter-output>
          </reporter-output>
        </test-method> <!-- radioButtonDemo -->
        <test-method signature="sampleInputFormDemo()[pri:0, instance:Omnitracs.SeleniumEasyDemo.InputFormDemoTest@1a942c18]" started-at="2022-03-10T16:41:00 IST" name="sampleInputFormDemo" finished-at="2022-03-10T16:41:02 IST" duration-ms="2447" status="PASS">
          <reporter-output>
          </reporter-output>
        </test-method> <!-- sampleInputFormDemo -->
        <test-method is-config="true" signature="closeAllBrowsers()[pri:0, instance:Omnitracs.SeleniumEasyDemo.InputFormDemoTest@1a942c18]" started-at="2022-03-10T16:41:02 IST" name="closeAllBrowsers" finished-at="2022-03-10T16:41:06 IST" duration-ms="4372" status="PASS">
          <reporter-output>
          </reporter-output>
        </test-method> <!-- closeAllBrowsers -->
      </class> <!-- Omnitracs.SeleniumEasyDemo.InputFormDemoTest -->
    </test> <!-- Test2 -->
    <test started-at="2022-03-10T16:41:06 IST" name="Test3" finished-at="2022-03-10T16:41:27 IST" duration-ms="20446">
      <class name="Omnitracs.SeleniumEasyDemo.DatePickerDemoTest">
        <test-method is-config="true" signature="tearDown()[pri:0, instance:Omnitracs.SeleniumEasyDemo.DatePickerDemoTest@29215f06]" started-at="2022-03-10T16:41:27 IST" name="tearDown" finished-at="2022-03-10T16:41:27 IST" duration-ms="515" status="PASS">
          <reporter-output>
          </reporter-output>
        </test-method> <!-- tearDown -->
      </class> <!-- Omnitracs.SeleniumEasyDemo.DatePickerDemoTest -->
      <class name="Omnitracs.SeleniumEasyDemo.AlertsDemoTest">
        <test-method is-config="true" signature="config()[pri:0, instance:Omnitracs.SeleniumEasyDemo.AlertsDemoTest@5ab956d7]" started-at="2022-03-10T16:41:06 IST" name="config" finished-at="2022-03-10T16:41:06 IST" duration-ms="1" status="PASS">
          <reporter-output>
          </reporter-output>
        </test-method> <!-- config -->
        <test-method is-config="true" signature="initialSteps()[pri:0, instance:Omnitracs.SeleniumEasyDemo.AlertsDemoTest@5ab956d7]" started-at="2022-03-10T16:41:06 IST" name="initialSteps" finished-at="2022-03-10T16:41:19 IST" duration-ms="12910" status="PASS">
          <reporter-output>
          </reporter-output>
        </test-method> <!-- initialSteps -->
        <test-method is-config="true" signature="testDataFile()[pri:0, instance:Omnitracs.SeleniumEasyDemo.AlertsDemoTest@5ab956d7]" started-at="2022-03-10T16:41:19 IST" name="testDataFile" finished-at="2022-03-10T16:41:19 IST" duration-ms="0" status="PASS">
          <reporter-output>
          </reporter-output>
        </test-method> <!-- testDataFile -->
        <test-method signature="javaScriptAlertDemo()[pri:0, instance:Omnitracs.SeleniumEasyDemo.AlertsDemoTest@5ab956d7]" started-at="2022-03-10T16:41:19 IST" name="javaScriptAlertDemo" finished-at="2022-03-10T16:41:26 IST" duration-ms="7087" status="PASS">
          <reporter-output>
          </reporter-output>
        </test-method> <!-- javaScriptAlertDemo -->
        <test-method is-config="true" signature="closeAllBrowsers()[pri:0, instance:Omnitracs.SeleniumEasyDemo.AlertsDemoTest@5ab956d7]" started-at="2022-03-10T16:41:26 IST" name="closeAllBrowsers" finished-at="2022-03-10T16:41:27 IST" duration-ms="444" status="PASS">
          <reporter-output>
          </reporter-output>
        </test-method> <!-- closeAllBrowsers -->
        <test-method is-config="true" signature="tearDown()[pri:0, instance:Omnitracs.SeleniumEasyDemo.AlertsDemoTest@5ab956d7]" started-at="2022-03-10T16:41:28 IST" name="tearDown" finished-at="2022-03-10T16:41:28 IST" duration-ms="88" status="PASS">
          <reporter-output>
          </reporter-output>
        </test-method> <!-- tearDown -->
      </class> <!-- Omnitracs.SeleniumEasyDemo.AlertsDemoTest -->
      <class name="Omnitracs.SeleniumEasyDemo.InputFormDemoTest">
        <test-method is-config="true" signature="tearDown()[pri:0, instance:Omnitracs.SeleniumEasyDemo.InputFormDemoTest@1a942c18]" started-at="2022-03-10T16:41:27 IST" name="tearDown" finished-at="2022-03-10T16:41:28 IST" duration-ms="131" status="PASS">
          <reporter-output>
          </reporter-output>
        </test-method> <!-- tearDown -->
      </class> <!-- Omnitracs.SeleniumEasyDemo.InputFormDemoTest -->
    </test> <!-- Test3 -->
  </suite> <!-- Suite -->
</testng-results>
